<?xml version="1.0" encoding="UTF-8"?>
<TestRun id="4e1600fb-6c65-4ebd-afb5-69671dd346f9" name="Breno Rezende@IPC 2014-12-12 04:25:08" runUser="iPC\Breno Rezende" xmlns="http://microsoft.com/schemas/VisualStudio/TeamTest/2010">
  <TestSettings name="Local" id="35301d3e-b6bd-41ad-9cc5-0a823339c63d">
    <Description>These are default test settings for a local test run.</Description>
    <Deployment enabled="false" runDeploymentRoot="Breno Rezende_IPC 2014-12-12 04_25_08">
      <DeploymentItem filename="C:\Users\Breno Rezende\Documents\Projeto\trunk\Codigo\Service\bin\Debug\Service.dll" />
      <DeploymentItem filename="C:\Users\Breno Rezende\Documents\Projeto\trunk\Codigo\Data\bin\Debug\Data.dll" />
      <DeploymentItem filename="C:\Users\Breno Rezende\Documents\Projeto\trunk\Codigo\Model\bin\Debug\Model.dll" />
    </Deployment>
    <Execution>
      <TestTypeSpecific />
      <AgentRule name="Execution Agents">
      </AgentRule>
    </Execution>
  </TestSettings>
  <Times creation="2014-12-12T04:25:08.6005277-03:00" queuing="2014-12-12T04:25:10.0992813-03:00" start="2014-12-12T04:25:10.1641760-03:00" finish="2014-12-12T04:25:11.1706209-03:00" />
  <ResultSummary outcome="Failed">
    <Counters total="10" executed="10" error="0" failed="9" timeout="0" aborted="0" inconclusive="1" passedButRunAborted="0" notRunnable="0" notExecuted="0" disconnected="0" warning="0" passed="0" completed="0" inProgress="0" pending="0" />
  </ResultSummary>
  <TestDefinitions>
    <UnitTest name="GerenciadorTipoEventoConstructorTest" storage="c:\users\breno rezende\documents\projeto\trunk\codigo\servicetests\bin\debug\servicetests.dll" id="31ecc8da-e51f-bd3f-97be-6dbf34938ae0">
      <Execution id="a1f446c7-e782-4538-bede-6274dbdc5094" />
      <TestMethod codeBase="C:/Users/Breno Rezende/Documents/Projeto/trunk/Codigo/ServiceTests/bin/Debug/ServiceTests.DLL" adapterTypeName="Microsoft.VisualStudio.TestTools.TestTypes.Unit.UnitTestAdapter, Microsoft.VisualStudio.QualityTools.Tips.UnitTest.Adapter, Version=10.0.0.0, Culture=neutral, PublicKeyToken=b03f5f7f11d50a3a" className="ServiceTests.GerenciadorTipoEventoTest, ServiceTests, Version=1.0.0.0, Culture=neutral, PublicKeyToken=null" name="GerenciadorTipoEventoConstructorTest" />
    </UnitTest>
    <UnitTest name="InserirTest" storage="c:\users\breno rezende\documents\projeto\trunk\codigo\servicetests\bin\debug\servicetests.dll" id="63749a1f-1341-acc0-af93-974eb67bd3c3">
      <Execution id="220cd54e-0efe-48ad-b8b4-4f9fe4f0a288" />
      <TestMethod codeBase="C:/Users/Breno Rezende/Documents/Projeto/trunk/Codigo/ServiceTests/bin/Debug/ServiceTests.DLL" adapterTypeName="Microsoft.VisualStudio.TestTools.TestTypes.Unit.UnitTestAdapter, Microsoft.VisualStudio.QualityTools.Tips.UnitTest.Adapter, Version=10.0.0.0, Culture=neutral, PublicKeyToken=b03f5f7f11d50a3a" className="ServiceTests.GerenciadorTipoEventoTest, ServiceTests, Version=1.0.0.0, Culture=neutral, PublicKeyToken=null" name="InserirTest" />
    </UnitTest>
    <UnitTest name="ObterTodosTest" storage="c:\users\breno rezende\documents\projeto\trunk\codigo\servicetests\bin\debug\servicetests.dll" id="2be6d4e9-ff68-7828-86dc-93ecb4e02848">
      <Execution id="f1fa70d9-6dde-4fae-8457-da95e4f34039" />
      <TestMethod codeBase="C:/Users/Breno Rezende/Documents/Projeto/trunk/Codigo/ServiceTests/bin/Debug/ServiceTests.DLL" adapterTypeName="Microsoft.VisualStudio.TestTools.TestTypes.Unit.UnitTestAdapter, Microsoft.VisualStudio.QualityTools.Tips.UnitTest.Adapter, Version=10.0.0.0, Culture=neutral, PublicKeyToken=b03f5f7f11d50a3a" className="ServiceTests.GerenciadorTipoEventoTest, ServiceTests, Version=1.0.0.0, Culture=neutral, PublicKeyToken=null" name="ObterTodosTest" />
    </UnitTest>
    <UnitTest name="ObterPorNomeTest" storage="c:\users\breno rezende\documents\projeto\trunk\codigo\servicetests\bin\debug\servicetests.dll" id="f7f501b7-8d7a-e276-e713-a36339f926ca">
      <Execution id="88473391-289e-415b-8b5c-d8fa73c36d17" />
      <TestMethod codeBase="C:/Users/Breno Rezende/Documents/Projeto/trunk/Codigo/ServiceTests/bin/Debug/ServiceTests.DLL" adapterTypeName="Microsoft.VisualStudio.TestTools.TestTypes.Unit.UnitTestAdapter, Microsoft.VisualStudio.QualityTools.Tips.UnitTest.Adapter, Version=10.0.0.0, Culture=neutral, PublicKeyToken=b03f5f7f11d50a3a" className="ServiceTests.GerenciadorTipoEventoTest, ServiceTests, Version=1.0.0.0, Culture=neutral, PublicKeyToken=null" name="ObterPorNomeTest" />
    </UnitTest>
    <UnitTest name="GetQueryTest" storage="c:\users\breno rezende\documents\projeto\trunk\codigo\servicetests\bin\debug\servicetests.dll" id="b7c203e0-5b5e-f3ab-e80a-bac4b3478007">
      <DeploymentItems>
        <DeploymentItem filename="Service.dll" />
      </DeploymentItems>
      <Execution id="485944e6-37ae-48ae-9be3-e0323b38afb1" />
      <TestMethod codeBase="C:/Users/Breno Rezende/Documents/Projeto/trunk/Codigo/ServiceTests/bin/Debug/ServiceTests.DLL" adapterTypeName="Microsoft.VisualStudio.TestTools.TestTypes.Unit.UnitTestAdapter, Microsoft.VisualStudio.QualityTools.Tips.UnitTest.Adapter, Version=10.0.0.0, Culture=neutral, PublicKeyToken=b03f5f7f11d50a3a" className="ServiceTests.GerenciadorTipoEventoTest, ServiceTests, Version=1.0.0.0, Culture=neutral, PublicKeyToken=null" name="GetQueryTest" />
    </UnitTest>
    <UnitTest name="AtribuirTest" storage="c:\users\breno rezende\documents\projeto\trunk\codigo\servicetests\bin\debug\servicetests.dll" id="eaed738e-e724-7218-f30f-8715551409f0">
      <DeploymentItems>
        <DeploymentItem filename="Service.dll" />
      </DeploymentItems>
      <Execution id="b2b740dd-a056-466e-8dbe-35884b9ed510" />
      <TestMethod codeBase="C:/Users/Breno Rezende/Documents/Projeto/trunk/Codigo/ServiceTests/bin/Debug/ServiceTests.DLL" adapterTypeName="Microsoft.VisualStudio.TestTools.TestTypes.Unit.UnitTestAdapter, Microsoft.VisualStudio.QualityTools.Tips.UnitTest.Adapter, Version=10.0.0.0, Culture=neutral, PublicKeyToken=b03f5f7f11d50a3a" className="ServiceTests.GerenciadorTipoEventoTest, ServiceTests, Version=1.0.0.0, Culture=neutral, PublicKeyToken=null" name="AtribuirTest" />
    </UnitTest>
    <UnitTest name="ObterTest" storage="c:\users\breno rezende\documents\projeto\trunk\codigo\servicetests\bin\debug\servicetests.dll" id="7941efc7-3896-ca56-f0b8-d03a3e47ae33">
      <Execution id="8e1c4512-ebfe-4df5-a2f9-c5057298a583" />
      <TestMethod codeBase="C:/Users/Breno Rezende/Documents/Projeto/trunk/Codigo/ServiceTests/bin/Debug/ServiceTests.DLL" adapterTypeName="Microsoft.VisualStudio.TestTools.TestTypes.Unit.UnitTestAdapter, Microsoft.VisualStudio.QualityTools.Tips.UnitTest.Adapter, Version=10.0.0.0, Culture=neutral, PublicKeyToken=b03f5f7f11d50a3a" className="ServiceTests.GerenciadorTipoEventoTest, ServiceTests, Version=1.0.0.0, Culture=neutral, PublicKeyToken=null" name="ObterTest" />
    </UnitTest>
    <UnitTest name="RemoverTest" storage="c:\users\breno rezende\documents\projeto\trunk\codigo\servicetests\bin\debug\servicetests.dll" id="9ca1d56e-dbd7-5b4f-98ba-031f69ecaa9a">
      <Execution id="b09fc005-6571-4b93-9aa8-1ed82024cac3" />
      <TestMethod codeBase="C:/Users/Breno Rezende/Documents/Projeto/trunk/Codigo/ServiceTests/bin/Debug/ServiceTests.DLL" adapterTypeName="Microsoft.VisualStudio.TestTools.TestTypes.Unit.UnitTestAdapter, Microsoft.VisualStudio.QualityTools.Tips.UnitTest.Adapter, Version=10.0.0.0, Culture=neutral, PublicKeyToken=b03f5f7f11d50a3a" className="ServiceTests.GerenciadorTipoEventoTest, ServiceTests, Version=1.0.0.0, Culture=neutral, PublicKeyToken=null" name="RemoverTest" />
    </UnitTest>
    <UnitTest name="GerenciadorTipoEventoConstructorTest1" storage="c:\users\breno rezende\documents\projeto\trunk\codigo\servicetests\bin\debug\servicetests.dll" id="a0eb54aa-1b96-e8b6-0f2e-b6962597adc1">
      <Execution id="2713cbe7-56d9-46a7-9ed7-dbd1958c7ad0" />
      <TestMethod codeBase="C:/Users/Breno Rezende/Documents/Projeto/trunk/Codigo/ServiceTests/bin/Debug/ServiceTests.DLL" adapterTypeName="Microsoft.VisualStudio.TestTools.TestTypes.Unit.UnitTestAdapter, Microsoft.VisualStudio.QualityTools.Tips.UnitTest.Adapter, Version=10.0.0.0, Culture=neutral, PublicKeyToken=b03f5f7f11d50a3a" className="ServiceTests.GerenciadorTipoEventoTest, ServiceTests, Version=1.0.0.0, Culture=neutral, PublicKeyToken=null" name="GerenciadorTipoEventoConstructorTest1" />
    </UnitTest>
    <UnitTest name="EditarTest" storage="c:\users\breno rezende\documents\projeto\trunk\codigo\servicetests\bin\debug\servicetests.dll" id="0f8b7bc9-f3f0-3fcf-5306-9869703cf3ea">
      <Execution id="23be9f01-2131-4d16-99a8-f3f0392d0340" />
      <TestMethod codeBase="C:/Users/Breno Rezende/Documents/Projeto/trunk/Codigo/ServiceTests/bin/Debug/ServiceTests.DLL" adapterTypeName="Microsoft.VisualStudio.TestTools.TestTypes.Unit.UnitTestAdapter, Microsoft.VisualStudio.QualityTools.Tips.UnitTest.Adapter, Version=10.0.0.0, Culture=neutral, PublicKeyToken=b03f5f7f11d50a3a" className="ServiceTests.GerenciadorTipoEventoTest, ServiceTests, Version=1.0.0.0, Culture=neutral, PublicKeyToken=null" name="EditarTest" />
    </UnitTest>
  </TestDefinitions>
  <TestLists>
    <TestList name="Results Not in a List" id="8c84fa94-04c1-424b-9868-57a2d4851a1d" />
    <TestList name="All Loaded Results" id="19431567-8539-422a-85d7-44ee4e166bda" />
  </TestLists>
  <TestEntries>
    <TestEntry testId="31ecc8da-e51f-bd3f-97be-6dbf34938ae0" executionId="a1f446c7-e782-4538-bede-6274dbdc5094" testListId="8c84fa94-04c1-424b-9868-57a2d4851a1d" />
    <TestEntry testId="a0eb54aa-1b96-e8b6-0f2e-b6962597adc1" executionId="2713cbe7-56d9-46a7-9ed7-dbd1958c7ad0" testListId="8c84fa94-04c1-424b-9868-57a2d4851a1d" />
    <TestEntry testId="eaed738e-e724-7218-f30f-8715551409f0" executionId="b2b740dd-a056-466e-8dbe-35884b9ed510" testListId="8c84fa94-04c1-424b-9868-57a2d4851a1d" />
    <TestEntry testId="0f8b7bc9-f3f0-3fcf-5306-9869703cf3ea" executionId="23be9f01-2131-4d16-99a8-f3f0392d0340" testListId="8c84fa94-04c1-424b-9868-57a2d4851a1d" />
    <TestEntry testId="b7c203e0-5b5e-f3ab-e80a-bac4b3478007" executionId="485944e6-37ae-48ae-9be3-e0323b38afb1" testListId="8c84fa94-04c1-424b-9868-57a2d4851a1d" />
    <TestEntry testId="63749a1f-1341-acc0-af93-974eb67bd3c3" executionId="220cd54e-0efe-48ad-b8b4-4f9fe4f0a288" testListId="8c84fa94-04c1-424b-9868-57a2d4851a1d" />
    <TestEntry testId="7941efc7-3896-ca56-f0b8-d03a3e47ae33" executionId="8e1c4512-ebfe-4df5-a2f9-c5057298a583" testListId="8c84fa94-04c1-424b-9868-57a2d4851a1d" />
    <TestEntry testId="f7f501b7-8d7a-e276-e713-a36339f926ca" executionId="88473391-289e-415b-8b5c-d8fa73c36d17" testListId="8c84fa94-04c1-424b-9868-57a2d4851a1d" />
    <TestEntry testId="2be6d4e9-ff68-7828-86dc-93ecb4e02848" executionId="f1fa70d9-6dde-4fae-8457-da95e4f34039" testListId="8c84fa94-04c1-424b-9868-57a2d4851a1d" />
    <TestEntry testId="9ca1d56e-dbd7-5b4f-98ba-031f69ecaa9a" executionId="b09fc005-6571-4b93-9aa8-1ed82024cac3" testListId="8c84fa94-04c1-424b-9868-57a2d4851a1d" />
  </TestEntries>
  <Results>
    <UnitTestResult executionId="a1f446c7-e782-4538-bede-6274dbdc5094" testId="31ecc8da-e51f-bd3f-97be-6dbf34938ae0" testName="GerenciadorTipoEventoConstructorTest" computerName="IPC" duration="00:00:00.1159274" startTime="2014-12-12T04:25:10.3209797-03:00" endTime="2014-12-12T04:25:10.7573848-03:00" testType="13cdc9d9-ddb5-4fa4-a97d-d965ccfc6d4b" outcome="Inconclusive" testListId="8c84fa94-04c1-424b-9868-57a2d4851a1d" relativeResultsDirectory="a1f446c7-e782-4538-bede-6274dbdc5094">
      <Output>
        <ErrorInfo>
          <Message>Assert.Inconclusive failed. TODO: Implement code to verify target</Message>
          <StackTrace>   em ServiceTests.GerenciadorTipoEventoTest.GerenciadorTipoEventoConstructorTest() na C:\Users\Breno Rezende\Documents\Projeto\trunk\Codigo\ServiceTests\GerenciadorTipoEventoTest.cs:linha 80
</StackTrace>
        </ErrorInfo>
      </Output>
    </UnitTestResult>
    <UnitTestResult executionId="2713cbe7-56d9-46a7-9ed7-dbd1958c7ad0" testId="a0eb54aa-1b96-e8b6-0f2e-b6962597adc1" testName="GerenciadorTipoEventoConstructorTest1" computerName="IPC" duration="00:00:00.2246985" startTime="2014-12-12T04:25:10.7643510-03:00" endTime="2014-12-12T04:25:10.9944180-03:00" testType="13cdc9d9-ddb5-4fa4-a97d-d965ccfc6d4b" outcome="Failed" testListId="8c84fa94-04c1-424b-9868-57a2d4851a1d" relativeResultsDirectory="2713cbe7-56d9-46a7-9ed7-dbd1958c7ad0">
      <Output>
        <ErrorInfo>
          <Message>Test method ServiceTests.GerenciadorTipoEventoTest.GerenciadorTipoEventoConstructorTest1 threw exception: 
System.ArgumentException: A conexão nomeada especificada não foi localizada na configuração, não se destina à utilização com o provedor EntityClient ou não é válida.</Message>
          <StackTrace>    em System.Data.EntityClient.EntityConnection.ChangeConnectionString(String newConnectionString)
   em System.Data.EntityClient.EntityConnection..ctor(String connectionString)
   em System.Data.Objects.ObjectContext.CreateEntityConnection(String connectionString)
   em System.Data.Objects.ObjectContext..ctor(String connectionString, String defaultContainerName)
   em Model.missmfotografiaEntities..ctor() na C:\Users\Breno Rezende\Documents\Projeto\trunk\Codigo\Model\ModelMissMFotografia.Designer.cs:linha 53
   em Data.UnitOfWork..ctor() na C:\Users\Breno Rezende\Documents\Projeto\trunk\Codigo\Data\UnitOfWork.cs:linha 32
   em Service.GerenciadorTipoEvento..ctor() na C:\Users\Breno Rezende\Documents\Projeto\trunk\Codigo\Service\GerenciadorTipoEvento.cs:linha 27
   em ServiceTests.GerenciadorTipoEventoTest.GerenciadorTipoEventoConstructorTest1() na C:\Users\Breno Rezende\Documents\Projeto\trunk\Codigo\ServiceTests\GerenciadorTipoEventoTest.cs:linha 89
</StackTrace>
        </ErrorInfo>
      </Output>
    </UnitTestResult>
    <UnitTestResult executionId="b2b740dd-a056-466e-8dbe-35884b9ed510" testId="eaed738e-e724-7218-f30f-8715551409f0" testName="AtribuirTest" computerName="IPC" duration="00:00:00.0468613" startTime="2014-12-12T04:25:10.9984207-03:00" endTime="2014-12-12T04:25:11.0585475-03:00" testType="13cdc9d9-ddb5-4fa4-a97d-d965ccfc6d4b" outcome="Failed" testListId="8c84fa94-04c1-424b-9868-57a2d4851a1d" relativeResultsDirectory="b2b740dd-a056-466e-8dbe-35884b9ed510">
      <Output>
        <ErrorInfo>
          <Message>Test method ServiceTests.GerenciadorTipoEventoTest.AtribuirTest threw exception: 
System.ArgumentException: A conexão nomeada especificada não foi localizada na configuração, não se destina à utilização com o provedor EntityClient ou não é válida.</Message>
          <StackTrace>   em Service.GerenciadorTipoEvento_Accessor..ctor()
   em ServiceTests.GerenciadorTipoEventoTest.AtribuirTest() na C:\Users\Breno Rezende\Documents\Projeto\trunk\Codigo\ServiceTests\GerenciadorTipoEventoTest.cs:linha 100
</StackTrace>
        </ErrorInfo>
      </Output>
    </UnitTestResult>
    <UnitTestResult executionId="23be9f01-2131-4d16-99a8-f3f0392d0340" testId="0f8b7bc9-f3f0-3fcf-5306-9869703cf3ea" testName="EditarTest" computerName="IPC" duration="00:00:00.0020337" startTime="2014-12-12T04:25:11.0615489-03:00" endTime="2014-12-12T04:25:11.0665532-03:00" testType="13cdc9d9-ddb5-4fa4-a97d-d965ccfc6d4b" outcome="Failed" testListId="8c84fa94-04c1-424b-9868-57a2d4851a1d" relativeResultsDirectory="23be9f01-2131-4d16-99a8-f3f0392d0340">
      <Output>
        <ErrorInfo>
          <Message>Test method ServiceTests.GerenciadorTipoEventoTest.EditarTest threw exception: 
System.ArgumentException: A conexão nomeada especificada não foi localizada na configuração, não se destina à utilização com o provedor EntityClient ou não é válida.</Message>
          <StackTrace>    em System.Data.EntityClient.EntityConnection.ChangeConnectionString(String newConnectionString)
   em System.Data.EntityClient.EntityConnection..ctor(String connectionString)
   em System.Data.Objects.ObjectContext.CreateEntityConnection(String connectionString)
   em System.Data.Objects.ObjectContext..ctor(String connectionString, String defaultContainerName)
   em Model.missmfotografiaEntities..ctor() na C:\Users\Breno Rezende\Documents\Projeto\trunk\Codigo\Model\ModelMissMFotografia.Designer.cs:linha 53
   em Data.UnitOfWork..ctor() na C:\Users\Breno Rezende\Documents\Projeto\trunk\Codigo\Data\UnitOfWork.cs:linha 32
   em Service.GerenciadorTipoEvento..ctor() na C:\Users\Breno Rezende\Documents\Projeto\trunk\Codigo\Service\GerenciadorTipoEvento.cs:linha 27
   em ServiceTests.GerenciadorTipoEventoTest.EditarTest() na C:\Users\Breno Rezende\Documents\Projeto\trunk\Codigo\ServiceTests\GerenciadorTipoEventoTest.cs:linha 113
</StackTrace>
        </ErrorInfo>
      </Output>
    </UnitTestResult>
    <UnitTestResult executionId="485944e6-37ae-48ae-9be3-e0323b38afb1" testId="b7c203e0-5b5e-f3ab-e80a-bac4b3478007" testName="GetQueryTest" computerName="IPC" duration="00:00:00.0028096" startTime="2014-12-12T04:25:11.0695542-03:00" endTime="2014-12-12T04:25:11.0755581-03:00" testType="13cdc9d9-ddb5-4fa4-a97d-d965ccfc6d4b" outcome="Failed" testListId="8c84fa94-04c1-424b-9868-57a2d4851a1d" relativeResultsDirectory="485944e6-37ae-48ae-9be3-e0323b38afb1">
      <Output>
        <ErrorInfo>
          <Message>Test method ServiceTests.GerenciadorTipoEventoTest.GetQueryTest threw exception: 
System.ArgumentException: A conexão nomeada especificada não foi localizada na configuração, não se destina à utilização com o provedor EntityClient ou não é válida.</Message>
          <StackTrace>   em Service.GerenciadorTipoEvento_Accessor..ctor()
   em ServiceTests.GerenciadorTipoEventoTest.GetQueryTest() na C:\Users\Breno Rezende\Documents\Projeto\trunk\Codigo\ServiceTests\GerenciadorTipoEventoTest.cs:linha 126
</StackTrace>
        </ErrorInfo>
      </Output>
    </UnitTestResult>
    <UnitTestResult executionId="220cd54e-0efe-48ad-b8b4-4f9fe4f0a288" testId="63749a1f-1341-acc0-af93-974eb67bd3c3" testName="InserirTest" computerName="IPC" duration="00:00:00.0023625" startTime="2014-12-12T04:25:11.0785620-03:00" endTime="2014-12-12T04:25:11.0835638-03:00" testType="13cdc9d9-ddb5-4fa4-a97d-d965ccfc6d4b" outcome="Failed" testListId="8c84fa94-04c1-424b-9868-57a2d4851a1d" relativeResultsDirectory="220cd54e-0efe-48ad-b8b4-4f9fe4f0a288">
      <Output>
        <ErrorInfo>
          <Message>Test method ServiceTests.GerenciadorTipoEventoTest.InserirTest threw exception: 
System.ArgumentException: A conexão nomeada especificada não foi localizada na configuração, não se destina à utilização com o provedor EntityClient ou não é válida.</Message>
          <StackTrace>    em System.Data.EntityClient.EntityConnection.ChangeConnectionString(String newConnectionString)
   em System.Data.EntityClient.EntityConnection..ctor(String connectionString)
   em System.Data.Objects.ObjectContext.CreateEntityConnection(String connectionString)
   em System.Data.Objects.ObjectContext..ctor(String connectionString, String defaultContainerName)
   em Model.missmfotografiaEntities..ctor() na C:\Users\Breno Rezende\Documents\Projeto\trunk\Codigo\Model\ModelMissMFotografia.Designer.cs:linha 53
   em Data.UnitOfWork..ctor() na C:\Users\Breno Rezende\Documents\Projeto\trunk\Codigo\Data\UnitOfWork.cs:linha 32
   em Service.GerenciadorTipoEvento..ctor() na C:\Users\Breno Rezende\Documents\Projeto\trunk\Codigo\Service\GerenciadorTipoEvento.cs:linha 27
   em ServiceTests.GerenciadorTipoEventoTest.InserirTest() na C:\Users\Breno Rezende\Documents\Projeto\trunk\Codigo\ServiceTests\GerenciadorTipoEventoTest.cs:linha 140
</StackTrace>
        </ErrorInfo>
      </Output>
    </UnitTestResult>
    <UnitTestResult executionId="8e1c4512-ebfe-4df5-a2f9-c5057298a583" testId="7941efc7-3896-ca56-f0b8-d03a3e47ae33" testName="ObterTest" computerName="IPC" duration="00:00:00.0023531" startTime="2014-12-12T04:25:11.0865656-03:00" endTime="2014-12-12T04:25:11.0905699-03:00" testType="13cdc9d9-ddb5-4fa4-a97d-d965ccfc6d4b" outcome="Failed" testListId="8c84fa94-04c1-424b-9868-57a2d4851a1d" relativeResultsDirectory="8e1c4512-ebfe-4df5-a2f9-c5057298a583">
      <Output>
        <ErrorInfo>
          <Message>Test method ServiceTests.GerenciadorTipoEventoTest.ObterTest threw exception: 
System.ArgumentException: A conexão nomeada especificada não foi localizada na configuração, não se destina à utilização com o provedor EntityClient ou não é válida.</Message>
          <StackTrace>    em System.Data.EntityClient.EntityConnection.ChangeConnectionString(String newConnectionString)
   em System.Data.EntityClient.EntityConnection..ctor(String connectionString)
   em System.Data.Objects.ObjectContext.CreateEntityConnection(String connectionString)
   em System.Data.Objects.ObjectContext..ctor(String connectionString, String defaultContainerName)
   em Model.missmfotografiaEntities..ctor() na C:\Users\Breno Rezende\Documents\Projeto\trunk\Codigo\Model\ModelMissMFotografia.Designer.cs:linha 53
   em Data.UnitOfWork..ctor() na C:\Users\Breno Rezende\Documents\Projeto\trunk\Codigo\Data\UnitOfWork.cs:linha 32
   em Service.GerenciadorTipoEvento..ctor() na C:\Users\Breno Rezende\Documents\Projeto\trunk\Codigo\Service\GerenciadorTipoEvento.cs:linha 27
   em ServiceTests.GerenciadorTipoEventoTest.ObterTest() na C:\Users\Breno Rezende\Documents\Projeto\trunk\Codigo\ServiceTests\GerenciadorTipoEventoTest.cs:linha 155
</StackTrace>
        </ErrorInfo>
      </Output>
    </UnitTestResult>
    <UnitTestResult executionId="88473391-289e-415b-8b5c-d8fa73c36d17" testId="f7f501b7-8d7a-e276-e713-a36339f926ca" testName="ObterPorNomeTest" computerName="IPC" duration="00:00:00.0023859" startTime="2014-12-12T04:25:11.0945722-03:00" endTime="2014-12-12T04:25:11.0995736-03:00" testType="13cdc9d9-ddb5-4fa4-a97d-d965ccfc6d4b" outcome="Failed" testListId="8c84fa94-04c1-424b-9868-57a2d4851a1d" relativeResultsDirectory="88473391-289e-415b-8b5c-d8fa73c36d17">
      <Output>
        <ErrorInfo>
          <Message>Test method ServiceTests.GerenciadorTipoEventoTest.ObterPorNomeTest threw exception: 
System.ArgumentException: A conexão nomeada especificada não foi localizada na configuração, não se destina à utilização com o provedor EntityClient ou não é válida.</Message>
          <StackTrace>    em System.Data.EntityClient.EntityConnection.ChangeConnectionString(String newConnectionString)
   em System.Data.EntityClient.EntityConnection..ctor(String connectionString)
   em System.Data.Objects.ObjectContext.CreateEntityConnection(String connectionString)
   em System.Data.Objects.ObjectContext..ctor(String connectionString, String defaultContainerName)
   em Model.missmfotografiaEntities..ctor() na C:\Users\Breno Rezende\Documents\Projeto\trunk\Codigo\Model\ModelMissMFotografia.Designer.cs:linha 53
   em Data.UnitOfWork..ctor() na C:\Users\Breno Rezende\Documents\Projeto\trunk\Codigo\Data\UnitOfWork.cs:linha 32
   em Service.GerenciadorTipoEvento..ctor() na C:\Users\Breno Rezende\Documents\Projeto\trunk\Codigo\Service\GerenciadorTipoEvento.cs:linha 27
   em ServiceTests.GerenciadorTipoEventoTest.ObterPorNomeTest() na C:\Users\Breno Rezende\Documents\Projeto\trunk\Codigo\ServiceTests\GerenciadorTipoEventoTest.cs:linha 170
</StackTrace>
        </ErrorInfo>
      </Output>
    </UnitTestResult>
    <UnitTestResult executionId="f1fa70d9-6dde-4fae-8457-da95e4f34039" testId="2be6d4e9-ff68-7828-86dc-93ecb4e02848" testName="ObterTodosTest" computerName="IPC" duration="00:00:00.0021918" startTime="2014-12-12T04:25:11.1035771-03:00" endTime="2014-12-12T04:25:11.1075810-03:00" testType="13cdc9d9-ddb5-4fa4-a97d-d965ccfc6d4b" outcome="Failed" testListId="8c84fa94-04c1-424b-9868-57a2d4851a1d" relativeResultsDirectory="f1fa70d9-6dde-4fae-8457-da95e4f34039">
      <Output>
        <ErrorInfo>
          <Message>Test method ServiceTests.GerenciadorTipoEventoTest.ObterTodosTest threw exception: 
System.ArgumentException: A conexão nomeada especificada não foi localizada na configuração, não se destina à utilização com o provedor EntityClient ou não é válida.</Message>
          <StackTrace>    em System.Data.EntityClient.EntityConnection.ChangeConnectionString(String newConnectionString)
   em System.Data.EntityClient.EntityConnection..ctor(String connectionString)
   em System.Data.Objects.ObjectContext.CreateEntityConnection(String connectionString)
   em System.Data.Objects.ObjectContext..ctor(String connectionString, String defaultContainerName)
   em Model.missmfotografiaEntities..ctor() na C:\Users\Breno Rezende\Documents\Projeto\trunk\Codigo\Model\ModelMissMFotografia.Designer.cs:linha 53
   em Data.UnitOfWork..ctor() na C:\Users\Breno Rezende\Documents\Projeto\trunk\Codigo\Data\UnitOfWork.cs:linha 32
   em Service.GerenciadorTipoEvento..ctor() na C:\Users\Breno Rezende\Documents\Projeto\trunk\Codigo\Service\GerenciadorTipoEvento.cs:linha 27
   em ServiceTests.GerenciadorTipoEventoTest.ObterTodosTest() na C:\Users\Breno Rezende\Documents\Projeto\trunk\Codigo\ServiceTests\GerenciadorTipoEventoTest.cs:linha 185
</StackTrace>
        </ErrorInfo>
      </Output>
    </UnitTestResult>
    <UnitTestResult executionId="b09fc005-6571-4b93-9aa8-1ed82024cac3" testId="9ca1d56e-dbd7-5b4f-98ba-031f69ecaa9a" testName="RemoverTest" computerName="IPC" duration="00:00:00.0023482" startTime="2014-12-12T04:25:11.1105828-03:00" endTime="2014-12-12T04:25:11.1155846-03:00" testType="13cdc9d9-ddb5-4fa4-a97d-d965ccfc6d4b" outcome="Failed" testListId="8c84fa94-04c1-424b-9868-57a2d4851a1d" relativeResultsDirectory="b09fc005-6571-4b93-9aa8-1ed82024cac3">
      <Output>
        <ErrorInfo>
          <Message>Test method ServiceTests.GerenciadorTipoEventoTest.RemoverTest threw exception: 
System.ArgumentException: A conexão nomeada especificada não foi localizada na configuração, não se destina à utilização com o provedor EntityClient ou não é válida.</Message>
          <StackTrace>    em System.Data.EntityClient.EntityConnection.ChangeConnectionString(String newConnectionString)
   em System.Data.EntityClient.EntityConnection..ctor(String connectionString)
   em System.Data.Objects.ObjectContext.CreateEntityConnection(String connectionString)
   em System.Data.Objects.ObjectContext..ctor(String connectionString, String defaultContainerName)
   em Model.missmfotografiaEntities..ctor() na C:\Users\Breno Rezende\Documents\Projeto\trunk\Codigo\Model\ModelMissMFotografia.Designer.cs:linha 53
   em Data.UnitOfWork..ctor() na C:\Users\Breno Rezende\Documents\Projeto\trunk\Codigo\Data\UnitOfWork.cs:linha 32
   em Service.GerenciadorTipoEvento..ctor() na C:\Users\Breno Rezende\Documents\Projeto\trunk\Codigo\Service\GerenciadorTipoEvento.cs:linha 27
   em ServiceTests.GerenciadorTipoEventoTest.RemoverTest() na C:\Users\Breno Rezende\Documents\Projeto\trunk\Codigo\ServiceTests\GerenciadorTipoEventoTest.cs:linha 199
</StackTrace>
        </ErrorInfo>
      </Output>
    </UnitTestResult>
  </Results>
</TestRun>